# JRE version: OpenJDK Runtime Environment (11.0.12+7) (build 11.0.12+7-b1504.28-7817840)
# Java VM: OpenJDK 64-Bit Server VM (11.0.12+7-b1504.28-7817840, mixed mode, tiered, compressed oops, g1 gc, windows-amd64)
Heap:
 garbage-first heap   total 531456K, used 163913K [0x0000000080000000, 0x0000000100000000)
  region size 1024K, 34 young (34816K), 8 survivors (8192K)
 Metaspace       used 147832K, capacity 153128K, committed 154048K, reserved 1183744K
  class space    used 18069K, capacity 20025K, committed 20352K, reserved 1048576K
GC Heap History (20 events):
Event: 909.181 GC heap before
{Heap before GC invocations=99 (full 0):
 garbage-first heap   total 531456K, used 170356K [0x0000000080000000, 0x0000000100000000)
  region size 1024K, 28 young (28672K), 2 survivors (2048K)
 Metaspace       used 145755K, capacity 150544K, committed 150720K, reserved 1179648K
  class space    used 17895K, capacity 19714K, committed 19840K, reserved 1048576K
}
Event: 909.193 GC heap after
{Heap after GC invocations=100 (full 0):
 garbage-first heap   total 531456K, used 144656K [0x0000000080000000, 0x0000000100000000)
  region size 1024K, 2 young (2048K), 2 survivors (2048K)
 Metaspace       used 145755K, capacity 150544K, committed 150720K, reserved 1179648K
  class space    used 17895K, capacity 19714K, committed 19840K, reserved 1048576K
}
Event: 1007.446 GC heap before
{Heap before GC invocations=101 (full 0):
 garbage-first heap   total 531456K, used 399632K [0x0000000080000000, 0x0000000100000000)
  region size 1024K, 212 young (217088K), 2 survivors (2048K)
 Metaspace       used 146091K, capacity 150842K, committed 150976K, reserved 1181696K
  class space    used 17898K, capacity 19720K, committed 19840K, reserved 1048576K
}
Event: 1007.453 GC heap after
{Heap after GC invocations=102 (full 0):
 garbage-first heap   total 531456K, used 141684K [0x0000000080000000, 0x0000000100000000)
  region size 1024K, 4 young (4096K), 4 survivors (4096K)
 Metaspace       used 146091K, capacity 150842K, committed 150976K, reserved 1181696K
  class space    used 17898K, capacity 19720K, committed 19840K, reserved 1048576K
}
Event: 1008.281 GC heap before
{Heap before GC invocations=102 (full 0):
 garbage-first heap   total 531456K, used 162164K [0x0000000080000000, 0x0000000100000000)
  region size 1024K, 25 young (25600K), 4 survivors (4096K)
 Metaspace       used 146151K, capacity 150909K, committed 151232K, reserved 1181696K
  class space    used 17898K, capacity 19720K, committed 19840K, reserved 1048576K
}
Event: 1008.293 GC heap after
{Heap after GC invocations=103 (full 0):
 garbage-first heap   total 531456K, used 141313K [0x0000000080000000, 0x0000000100000000)
  region size 1024K, 4 young (4096K), 4 survivors (4096K)
 Metaspace       used 146151K, capacity 150909K, committed 151232K, reserved 1181696K
  class space    used 17898K, capacity 19720K, committed 19840K, reserved 1048576K
}
Event: 1240.118 GC heap before
{Heap before GC invocations=103 (full 0):
 garbage-first heap   total 531456K, used 229377K [0x0000000080000000, 0x0000000100000000)
  region size 1024K, 92 young (94208K), 4 survivors (4096K)
 Metaspace       used 146261K, capacity 150977K, committed 151232K, reserved 1181696K
  class space    used 17898K, capacity 19720K, committed 19840K, reserved 1048576K
}
Event: 1240.140 GC heap after
{Heap after GC invocations=104 (full 0):
 garbage-first heap   total 531456K, used 148857K [0x0000000080000000, 0x0000000100000000)
  region size 1024K, 12 young (12288K), 12 survivors (12288K)
 Metaspace       used 146261K, capacity 150977K, committed 151232K, reserved 1181696K
  class space    used 17898K, capacity 19720K, committed 19840K, reserved 1048576K
}
Event: 1269.557 GC heap before
{Heap before GC invocations=105 (full 0):
 garbage-first heap   total 531456K, used 420217K [0x0000000080000000, 0x0000000100000000)
  region size 1024K, 229 young (234496K), 12 survivors (12288K)
 Metaspace       used 146454K, capacity 151117K, committed 151488K, reserved 1181696K
  class space    used 17899K, capacity 19720K, committed 19840K, reserved 1048576K
}
Event: 1269.576 GC heap after
{Heap after GC invocations=106 (full 0):
 garbage-first heap   total 531456K, used 147481K [0x0000000080000000, 0x0000000100000000)
  region size 1024K, 12 young (12288K), 12 survivors (12288K)
 Metaspace       used 146454K, capacity 151117K, committed 151488K, reserved 1181696K
  class space    used 17899K, capacity 19720K, committed 19840K, reserved 1048576K
}
Event: 1269.724 GC heap before
{Heap before GC invocations=106 (full 0):
 garbage-first heap   total 531456K, used 159769K [0x0000000080000000, 0x0000000100000000)
  region size 1024K, 25 young (25600K), 12 survivors (12288K)
 Metaspace       used 146467K, capacity 151181K, committed 151488K, reserved 1181696K
  class space    used 17899K, capacity 19720K, committed 19840K, reserved 1048576K
}
Event: 1269.742 GC heap after
{Heap after GC invocations=107 (full 0):
 garbage-first heap   total 531456K, used 140186K [0x0000000080000000, 0x0000000100000000)
  region size 1024K, 3 young (3072K), 3 survivors (3072K)
 Metaspace       used 146467K, capacity 151181K, committed 151488K, reserved 1181696K
  class space    used 17899K, capacity 19720K, committed 19840K, reserved 1048576K
}
Event: 1271.701 GC heap before
{Heap before GC invocations=107 (full 0):
 garbage-first heap   total 531456K, used 199578K [0x0000000080000000, 0x0000000100000000)
  region size 1024K, 63 young (64512K), 3 survivors (3072K)
 Metaspace       used 146485K, capacity 151181K, committed 151488K, reserved 1181696K
  class space    used 17899K, capacity 19720K, committed 19840K, reserved 1048576K
}
Event: 1271.714 GC heap after
{Heap after GC invocations=108 (full 0):
 garbage-first heap   total 531456K, used 142649K [0x0000000080000000, 0x0000000100000000)
  region size 1024K, 5 young (5120K), 5 survivors (5120K)
 Metaspace       used 146485K, capacity 151181K, committed 151488K, reserved 1181696K
  class space    used 17899K, capacity 19720K, committed 19840K, reserved 1048576K
}
Event: 1440.041 GC heap before
{Heap before GC invocations=109 (full 0):
 garbage-first heap   total 531456K, used 458041K [0x0000000080000000, 0x0000000100000000)
  region size 1024K, 269 young (275456K), 5 survivors (5120K)
 Metaspace       used 146681K, capacity 151418K, committed 151744K, reserved 1181696K
  class space    used 17906K, capacity 19732K, committed 19840K, reserved 1048576K
}
Event: 1440.058 GC heap after
{Heap after GC invocations=110 (full 0):
 garbage-first heap   total 531456K, used 146842K [0x0000000080000000, 0x0000000100000000)
  region size 1024K, 9 young (9216K), 9 survivors (9216K)
 Metaspace       used 146681K, capacity 151418K, committed 151744K, reserved 1181696K
  class space    used 17906K, capacity 19732K, committed 19840K, reserved 1048576K
}
Event: 1478.833 GC heap before
{Heap before GC invocations=110 (full 0):
 garbage-first heap   total 531456K, used 162202K [0x0000000080000000, 0x0000000100000000)
  region size 1024K, 25 young (25600K), 9 survivors (9216K)
 Metaspace       used 146849K, capacity 151728K, committed 152000K, reserved 1181696K
  class space    used 17948K, capacity 19809K, committed 19840K, reserved 1048576K
}
Event: 1478.840 GC heap after
{Heap after GC invocations=111 (full 0):
 garbage-first heap   total 531456K, used 135455K [0x0000000080000000, 0x0000000100000000)
  region size 1024K, 2 young (2048K), 2 survivors (2048K)
 Metaspace       used 146849K, capacity 151728K, committed 152000K, reserved 1181696K
  class space    used 17948K, capacity 19809K, committed 19840K, reserved 1048576K
}
Event: 2782.165 GC heap before
{Heap before GC invocations=111 (full 0):
 garbage-first heap   total 531456K, used 229663K [0x0000000080000000, 0x0000000100000000)
  region size 1024K, 96 young (98304K), 2 survivors (2048K)
 Metaspace       used 148304K, capacity 153867K, committed 154048K, reserved 1183744K
  class space    used 18198K, capacity 20273K, committed 20352K, reserved 1048576K
}
Event: 2782.180 GC heap after
{Heap after GC invocations=112 (full 0):
 garbage-first heap   total 531456K, used 141385K [0x0000000080000000, 0x0000000100000000)
  region size 1024K, 8 young (8192K), 8 survivors (8192K)
 Metaspace       used 148304K, capacity 153867K, committed 154048K, reserved 1183744K
  class space    used 18198K, capacity 20273K, committed 20352K, reserved 1048576K
}

